0 info it worked if it ends with ok
1 verbose cli [ 'c:\\Program Files (x86)\\nodejs\\node.exe',
1 verbose cli   'c:\\Program Files (x86)\\nodejs\\node_modules\\npm\\bin\\npm-cli.js',
1 verbose cli   'install',
1 verbose cli   'jade' ]
2 info using npm@2.7.4
3 info using node@v0.12.2
4 silly cache add args [ 'jade', null ]
5 verbose cache add spec jade
6 silly cache add parsed spec { raw: 'jade',
6 silly cache add   scope: null,
6 silly cache add   name: 'jade',
6 silly cache add   rawSpec: '',
6 silly cache add   spec: '*',
6 silly cache add   type: 'range' }
7 verbose addNamed jade@*
8 silly addNamed semver.valid null
9 silly addNamed semver.validRange *
10 silly addNameRange { name: 'jade', range: '*', hasData: false }
11 silly mapToRegistry name jade
12 silly mapToRegistry using default registry
13 silly mapToRegistry registry https://registry.npmjs.org/
14 silly mapToRegistry uri https://registry.npmjs.org/jade
15 verbose addNameRange registry:https://registry.npmjs.org/jade not in flight; fetching
16 verbose request uri https://registry.npmjs.org/jade
17 verbose request no auth needed
18 info attempt registry request try #1 at 23:27:49
19 verbose request id 336bba0bdae7c938
20 verbose etag "A3FJTIIL2JYB11O4N2XB8HON2"
21 http request GET https://registry.npmjs.org/jade
22 info retry will retry, error on last attempt: Error: getaddrinfo ENOENT
23 info attempt registry request try #2 at 23:27:59
24 verbose etag "A3FJTIIL2JYB11O4N2XB8HON2"
25 http request GET https://registry.npmjs.org/jade
26 info retry will retry, error on last attempt: Error: getaddrinfo ENOENT
27 info attempt registry request try #3 at 23:28:59
28 verbose etag "A3FJTIIL2JYB11O4N2XB8HON2"
29 http request GET https://registry.npmjs.org/jade
30 silly get cb [ 304, undefined ]
31 verbose etag https://registry.npmjs.org/jade from cache
32 verbose get saving jade to C:\Users\Administrator\AppData\Roaming\npm-cache\registry.npmjs.org\jade\.cache.json
33 silly addNameRange number 2 { name: 'jade', range: '*', hasData: true }
34 silly addNameRange versions [ 'jade',
34 silly addNameRange   [ '0.0.1',
34 silly addNameRange     '0.0.2',
34 silly addNameRange     '0.1.0',
34 silly addNameRange     '0.2.0',
34 silly addNameRange     '0.2.1',
34 silly addNameRange     '0.2.2',
34 silly addNameRange     '0.2.3',
34 silly addNameRange     '0.2.4',
34 silly addNameRange     '0.3.0',
34 silly addNameRange     '0.4.0',
34 silly addNameRange     '0.4.1',
34 silly addNameRange     '0.5.0',
34 silly addNameRange     '0.5.1',
34 silly addNameRange     '0.5.2',
34 silly addNameRange     '0.5.3',
34 silly addNameRange     '0.5.4',
34 silly addNameRange     '0.5.5',
34 silly addNameRange     '0.5.6',
34 silly addNameRange     '0.5.7',
34 silly addNameRange     '0.6.0',
34 silly addNameRange     '0.6.1',
34 silly addNameRange     '0.6.3',
34 silly addNameRange     '0.7.0',
34 silly addNameRange     '0.7.1',
34 silly addNameRange     '0.8.0',
34 silly addNameRange     '0.8.1',
34 silly addNameRange     '0.8.2',
34 silly addNameRange     '0.8.3',
34 silly addNameRange     '0.8.4',
34 silly addNameRange     '0.8.5',
34 silly addNameRange     '0.8.6',
34 silly addNameRange     '0.8.7',
34 silly addNameRange     '0.8.8',
34 silly addNameRange     '0.8.9',
34 silly addNameRange     '0.9.0',
34 silly addNameRange     '0.9.1',
34 silly addNameRange     '0.9.2',
34 silly addNameRange     '0.9.3',
34 silly addNameRange     '0.10.0',
34 silly addNameRange     '0.10.1',
34 silly addNameRange     '0.10.2',
34 silly addNameRange     '0.10.3',
34 silly addNameRange     '0.10.4',
34 silly addNameRange     '0.10.5',
34 silly addNameRange     '0.10.6',
34 silly addNameRange     '0.10.7',
34 silly addNameRange     '0.11.0',
34 silly addNameRange     '0.11.1',
34 silly addNameRange     '0.12.0',
34 silly addNameRange     '0.12.1',
34 silly addNameRange     '0.12.2',
34 silly addNameRange     '0.12.3',
34 silly addNameRange     '0.12.4',
34 silly addNameRange     '0.13.0',
34 silly addNameRange     '0.14.0',
34 silly addNameRange     '0.14.1',
34 silly addNameRange     '0.14.2',
34 silly addNameRange     '0.15.0',
34 silly addNameRange     '0.15.1',
34 silly addNameRange     '0.15.2',
34 silly addNameRange     '0.15.3',
34 silly addNameRange     '0.15.4',
34 silly addNameRange     '0.16.0',
34 silly addNameRange     '0.16.1',
34 silly addNameRange     '0.16.2',
34 silly addNameRange     '0.16.3',
34 silly addNameRange     '0.16.4',
34 silly addNameRange     '0.17.0',
34 silly addNameRange     '0.18.0',
34 silly addNameRange     '0.19.0',
34 silly addNameRange     '0.20.0',
34 silly addNameRange     '0.20.1',
34 silly addNameRange     '0.20.2',
34 silly addNameRange     '0.20.3',
34 silly addNameRange     '0.21.0',
34 silly addNameRange     '0.22.0',
34 silly addNameRange     '0.22.1',
34 silly addNameRange     '0.23.0',
34 silly addNameRange     '0.24.0',
34 silly addNameRange     '0.25.0',
34 silly addNameRange     '0.26.0',
34 silly addNameRange     '0.26.1',
34 silly addNameRange     '0.26.2',
34 silly addNameRange     '0.26.3',
34 silly addNameRange     '0.27.0',
34 silly addNameRange     '0.27.1',
34 silly addNameRange     '0.27.2',
34 silly addNameRange     '0.27.3',
34 silly addNameRange     '0.27.4',
34 silly addNameRange     '0.27.5',
34 silly addNameRange     '0.27.6',
34 silly addNameRange     '0.27.7',
34 silly addNameRange     '0.28.0',
34 silly addNameRange     '0.28.1',
34 silly addNameRange     '0.28.2',
34 silly addNameRange     '0.29.0',
34 silly addNameRange     '0.30.0',
34 silly addNameRange     '0.31.0',
34 silly addNameRange     '0.31.1',
34 silly addNameRange     '0.31.2',
34 silly addNameRange     '0.32.0',
34 silly addNameRange     '0.33.0',
34 silly addNameRange     '0.34.0',
34 silly addNameRange     '0.34.1',
34 silly addNameRange     '0.35.0',
34 silly addNameRange     '1.0.0',
34 silly addNameRange     '1.0.1',
34 silly addNameRange     '1.0.2',
34 silly addNameRange     '1.1.0',
34 silly addNameRange     '1.1.1',
34 silly addNameRange     '1.1.2',
34 silly addNameRange     '1.1.3',
34 silly addNameRange     '1.1.4',
34 silly addNameRange     '1.1.5',
34 silly addNameRange     '1.2.0',
34 silly addNameRange     '1.3.0',
34 silly addNameRange     '1.3.1',
34 silly addNameRange     '1.4.0',
34 silly addNameRange     '1.4.1',
34 silly addNameRange     '1.4.2',
34 silly addNameRange     '1.5.0',
34 silly addNameRange     '1.6.0',
34 silly addNameRange     '1.7.0',
34 silly addNameRange     '1.8.0',
34 silly addNameRange     '1.8.1',
34 silly addNameRange     '1.8.2',
34 silly addNameRange     '1.9.0',
34 silly addNameRange     '1.9.1',
34 silly addNameRange     '1.9.2',
34 silly addNameRange     '1.10.0',
34 silly addNameRange     '1.11.0' ] ]
35 verbose addNamed jade@1.11.0
36 silly addNamed semver.valid 1.11.0
37 silly addNamed semver.validRange 1.11.0
38 silly mapToRegistry name jade
39 silly mapToRegistry using default registry
40 silly mapToRegistry registry https://registry.npmjs.org/
41 silly mapToRegistry uri https://registry.npmjs.org/jade
42 verbose addRemoteTarball https://registry.npmjs.org/jade/-/jade-1.11.0.tgz not in flight; adding
43 verbose addRemoteTarball [ 'https://registry.npmjs.org/jade/-/jade-1.11.0.tgz',
43 verbose addRemoteTarball   '9c80e538c12d3fb95c8d9bb9559fa0cc040405fd' ]
44 info retry fetch attempt 1 at 23:28:59
45 info attempt registry request try #1 at 23:28:59
46 http fetch GET https://registry.npmjs.org/jade/-/jade-1.11.0.tgz
47 info retry will retry, error on last attempt: Error: getaddrinfo ENOENT
48 info attempt registry request try #2 at 23:29:09
49 http fetch GET https://registry.npmjs.org/jade/-/jade-1.11.0.tgz
50 info retry will retry, error on last attempt: Error: getaddrinfo ENOENT
51 info attempt registry request try #3 at 23:30:09
52 http fetch GET https://registry.npmjs.org/jade/-/jade-1.11.0.tgz
53 error fetch failed https://registry.npmjs.org/jade/-/jade-1.11.0.tgz
54 warn retry will retry, error on last attempt: Error: getaddrinfo ENOENT
55 info retry fetch attempt 2 at 23:30:19
56 info attempt registry request try #1 at 23:30:19
57 http fetch GET https://registry.npmjs.org/jade/-/jade-1.11.0.tgz
58 info retry will retry, error on last attempt: Error: getaddrinfo ENOENT
59 info attempt registry request try #2 at 23:30:29
60 http fetch GET https://registry.npmjs.org/jade/-/jade-1.11.0.tgz
61 info retry will retry, error on last attempt: Error: getaddrinfo ENOENT
62 info attempt registry request try #3 at 23:31:29
63 http fetch GET https://registry.npmjs.org/jade/-/jade-1.11.0.tgz
64 error fetch failed https://registry.npmjs.org/jade/-/jade-1.11.0.tgz
65 warn retry will retry, error on last attempt: Error: getaddrinfo ENOENT
66 info retry fetch attempt 3 at 23:32:29
67 info attempt registry request try #1 at 23:32:29
68 http fetch GET https://registry.npmjs.org/jade/-/jade-1.11.0.tgz
69 info retry will retry, error on last attempt: Error: getaddrinfo ENOENT
70 info attempt registry request try #2 at 23:32:39
71 http fetch GET https://registry.npmjs.org/jade/-/jade-1.11.0.tgz
72 info retry will retry, error on last attempt: Error: getaddrinfo ENOENT
73 info attempt registry request try #3 at 23:33:39
74 http fetch GET https://registry.npmjs.org/jade/-/jade-1.11.0.tgz
75 error fetch failed https://registry.npmjs.org/jade/-/jade-1.11.0.tgz
76 verbose stack Error: getaddrinfo ENOENT
76 verbose stack     at Object.exports._errnoException (util.js:746:11)
76 verbose stack     at errnoException (dns.js:49:15)
76 verbose stack     at GetAddrInfoReqWrap.onlookup [as oncomplete] (dns.js:94:26)
77 verbose cwd e:\codes\Node\ExpressJS
78 error Windows_NT 6.1.7601
79 error argv "c:\\Program Files (x86)\\nodejs\\node.exe" "c:\\Program Files (x86)\\nodejs\\node_modules\\npm\\bin\\npm-cli.js" "install" "jade"
80 error node v0.12.2
81 error npm  v2.7.4
82 error code ENOENT
83 error errno ENOENT
84 error syscall getaddrinfo
85 error enoent getaddrinfo ENOENT
85 error enoent This is most likely not a problem with npm itself
85 error enoent and is related to npm not being able to find a file.
86 verbose exit [ 1, true ]
